<?xml version="1.0" encoding="UTF-8"?>
<testng-results ignored="0" total="1" passed="1" failed="0" skipped="0">
  <reporter-output>
  </reporter-output>
  <suite started-at="2023-01-16T16:24:28 IST" name="Surefire suite" finished-at="2023-01-16T16:24:32 IST" duration-ms="4529">
    <groups>
    </groups>
    <test started-at="2023-01-16T16:24:28 IST" name="Surefire test" finished-at="2023-01-16T16:24:32 IST" duration-ms="4529">
      <class name="com.zuci.MavenTest.AppTest">
        <test-method signature="testSample()[pri:0, instance:com.zuci.MavenTest.AppTest@206a70ef]" started-at="2023-01-16T16:24:28 IST" name="testSample" finished-at="2023-01-16T16:24:32 IST" duration-ms="4499" status="PASS">
          <reporter-output>
          </reporter-output>
        </test-method> <!-- testSample -->
      </class> <!-- com.zuci.MavenTest.AppTest -->
    </test> <!-- Surefire test -->
  </suite> <!-- Surefire suite -->
</testng-results>
