<?xml version="1.0" encoding="UTF-8"?>
<testng-results ignored="0" total="1" passed="1" failed="0" skipped="0">
  <reporter-output>
  </reporter-output>
  <suite started-at="2023-01-16T14:52:26 IST" name="Default suite" finished-at="2023-01-16T14:52:34 IST" duration-ms="7503">
    <groups>
    </groups>
    <test started-at="2023-01-16T14:52:26 IST" name="Default test" finished-at="2023-01-16T14:52:34 IST" duration-ms="7503">
      <class name="com.zuci.MavenTest.AppTest">
        <test-method signature="testSample()[pri:0, instance:com.zuci.MavenTest.AppTest@9257031]" started-at="2023-01-16T14:52:26 IST" name="testSample" finished-at="2023-01-16T14:52:34 IST" duration-ms="7435" status="PASS">
          <reporter-output>
          </reporter-output>
        </test-method> <!-- testSample -->
      </class> <!-- com.zuci.MavenTest.AppTest -->
    </test> <!-- Default test -->
  </suite> <!-- Default suite -->
</testng-results>
